2026-05-07 23:07:36,132 | INFO | [DOWNLOADING] file_6.zip chunk 1/7
2026-05-07 23:07:36,137 | INFO | [DOWNLOADING] file_1.zip chunk 1/5
2026-05-07 23:07:36,146 | INFO | [DOWNLOADING] file_4.zip chunk 1/8
2026-05-07 23:07:36,148 | INFO | [DOWNLOADING] file_5.zip chunk 1/9
2026-05-07 23:07:36,173 | INFO | [DOWNLOADING] file_2.zip chunk 1/10
2026-05-07 23:07:36,272 | INFO | [DOWNLOADING] file_7.zip chunk 2/9
2026-05-07 23:07:36,275 | INFO | [DOWNLOADING] file_6.zip chunk 2/7
2026-05-07 23:07:36,351 | INFO | [DOWNLOADING] file_1.zip chunk 2/5
2026-05-07 23:07:36,362 | INFO | [DOWNLOADING] file_5.zip chunk 2/9
2026-05-07 23:07:36,402 | INFO | [DOWNLOADING] file_3.zip chunk 2/6
2026-05-07 23:07:36,431 | INFO | [DOWNLOADING] file_4.zip chunk 2/8
2026-05-07 23:07:36,446 | INFO | [DOWNLOADING] file_7.zip chunk 3/9
2026-05-07 23:07:36,474 | INFO | [DOWNLOADING] file_6.zip chunk 3/7
2026-05-07 23:07:36,548 | INFO | [DOWNLOADING] file_2.zip chunk 2/10
2026-05-07 23:07:36,548 | INFO | [DOWNLOADING] file_1.zip chunk 3/5
2026-05-07 23:07:36,647 | INFO | [DOWNLOADING] file_3.zip chunk 3/6
2026-05-07 23:07:36,667 | INFO | [DOWNLOADING] file_1.zip chunk 4/5
2026-05-07 23:07:36,704 | INFO | [DOWNLOADING] file_5.zip chunk 3/9
2026-05-07 23:07:36,717 | INFO | [DOWNLOADING] file_2.zip chunk 3/10
2026-05-07 23:07:36,722 | INFO | [DOWNLOADING] file_6.zip chunk 4/7
2026-05-07 23:07:36,737 | INFO | [DOWNLOADING] file_4.zip chunk 3/8
2026-05-07 23:07:36,772 | INFO | [DOWNLOADING] file_7.zip chunk 4/9
2026-05-07 23:07:36,825 | INFO | [DOWNLOADING] file_5.zip chunk 4/9
2026-05-07 23:07:36,898 | INFO | [DOWNLOADING] file_3.zip chunk 4/6
2026-05-07 23:07:36,906 | INFO | [DOWNLOADING] file_6.zip chunk 5/7
2026-05-07 23:07:36,930 | INFO | [DOWNLOADING] file_1.zip chunk 5/5
2026-05-07 23:07:36,930 | INFO | [DOWNLOAD COMPLETE] file_1.zip
2026-05-07 23:07:36,930 | INFO | [EXTRACT START] file_1.zip
2026-05-07 23:07:36,952 | INFO | [DOWNLOADING] file_2.zip chunk 4/10
2026-05-07 23:07:36,977 | INFO | [DOWNLOADING] file_4.zip chunk 4/8
2026-05-07 23:07:37,014 | INFO | [DOWNLOADING] file_5.zip chunk 5/9
2026-05-07 23:07:37,015 | INFO | [DOWNLOADING] file_7.zip chunk 5/9
2026-05-07 23:07:37,113 | INFO | [DOWNLOADING] file_3.zip chunk 5/6
2026-05-07 23:07:37,132 | INFO | [DOWNLOADING] file_4.zip chunk 5/8
2026-05-07 23:07:37,205 | INFO | [DOWNLOADING] file_2.zip chunk 5/10
2026-05-07 23:07:37,239 | INFO | [DOWNLOADING] file_6.zip chunk 6/7
2026-05-07 23:07:37,258 | INFO | [DOWNLOADING] file_4.zip chunk 6/8
2026-05-07 23:07:37,339 | INFO | [DOWNLOADING] file_7.zip chunk 6/9
2026-05-07 23:07:37,386 | INFO | [DOWNLOADING] file_5.zip chunk 6/9
2026-05-07 23:07:37,413 | INFO | [DOWNLOADING] file_3.zip chunk 6/6
2026-05-07 23:07:37,413 | INFO | [DOWNLOAD COMPLETE] file_3.zip
2026-05-07 23:07:37,434 | INFO | [DOWNLOADING] file_2.zip chunk 6/10
2026-05-07 23:07:37,536 | INFO | [DOWNLOADING] file_4.zip chunk 7/8
2026-05-07 23:07:37,558 | INFO | [DOWNLOADING] file_7.zip chunk 7/9
2026-05-07 23:07:37,582 | INFO | [DOWNLOADING] file_5.zip chunk 7/9
2026-05-07 23:07:37,602 | INFO | [DOWNLOADING] file_6.zip chunk 7/7
2026-05-07 23:07:37,602 | INFO | [DOWNLOAD COMPLETE] file_6.zip
2026-05-07 23:07:37,621 | INFO | [DOWNLOADING] file_2.zip chunk 7/10
2026-05-07 23:07:37,654 | INFO | [DOWNLOADING] file_4.zip chunk 8/8
2026-05-07 23:07:37,654 | INFO | [DOWNLOAD COMPLETE] file_4.zip
2026-05-07 23:07:37,729 | INFO | [DOWNLOADING] file_2.zip chunk 8/10
2026-05-07 23:07:37,777 | INFO | [DOWNLOADING] file_7.zip chunk 8/9
2026-05-07 23:07:37,837 | INFO | [EXTRACT DONE] file_1.zip
2026-05-07 23:07:37,837 | INFO | [EXTRACT START] file_3.zip
2026-05-07 23:07:37,929 | INFO | [DOWNLOADING] file_7.zip chunk 9/9
2026-05-07 23:07:37,929 | INFO | [DOWNLOAD COMPLETE] file_7.zip
2026-05-07 23:07:37,943 | INFO | [DOWNLOADING] file_2.zip chunk 9/10
2026-05-07 23:07:37,975 | INFO | [DOWNLOADING] file_5.zip chunk 8/9
2026-05-07 23:07:38,083 | INFO | [DOWNLOADING] file_2.zip chunk 10/10
2026-05-07 23:07:38,083 | INFO | [DOWNLOAD COMPLETE] file_2.zip
2026-05-07 23:07:38,317 | INFO | [DOWNLOADING] file_5.zip chunk 9/9
2026-05-07 23:07:38,317 | INFO | [DOWNLOAD COMPLETE] file_5.zip
2026-05-07 23:07:38,617 | INFO | [EXTRACT DONE] file_3.zip
2026-05-07 23:07:38,617 | INFO | [EXTRACT START] file_6.zip
2026-05-07 23:07:39,114 | INFO | [EXTRACT DONE] file_6.zip
2026-05-07 23:07:39,114 | INFO | [EXTRACT START] file_4.zip
2026-05-07 23:07:39,503 | INFO | [EXTRACT DONE] file_4.zip
2026-05-07 23:07:39,503 | INFO | [EXTRACT START] file_7.zip
2026-05-07 23:07:40,292 | INFO | [EXTRACT DONE] file_7.zip
2026-05-07 23:07:40,292 | INFO | [EXTRACT START] file_2.zip
2026-05-07 23:07:41,033 | INFO | [EXTRACT DONE] file_2.zip
2026-05-07 23:07:41,033 | INFO | [EXTRACT START] file_5.zip
2026-05-07 23:07:41,838 | INFO | [EXTRACT DONE] file_5.zip
2026-05-07 23:07:41,838 | INFO | ALL DOWNLOADS + EXTRACTIONS COMPLETE
