2026-05-07 22:05:16,583 INFO Install command started package=qownnotes
2026-05-07 22:05:16,583 INFO Requesting GitHub release metadata for qownnotes
2026-05-07 22:05:17,583 INFO Received release metadata package=qownnotes version=26.2.4
2026-05-07 22:05:17,583 INFO Starting download package=qownnotes size_mb=41.6
2026-05-07 22:05:19,265 INFO Download completed package=qownnotes
2026-05-07 22:05:19,265 INFO Installing AppImage path=/tmp/qownnotes.AppImage
2026-05-07 22:05:20,265 INFO Installation finished package=qownnotes
2026-05-07 22:05:20,265 INFO Install command finished successfully package=qownnotes
2026-05-07 22:12:06,343 INFO Install command started package=qownnotes
2026-05-07 22:12:06,343 INFO Fetching release metadata package=qownnotes
2026-05-07 22:12:07,343 INFO Metadata received package=qownnotes version=26.2.4
2026-05-07 22:12:07,343 INFO Download started package=qownnotes size_mb=41.6
2026-05-07 22:12:08,395 INFO Download completed package=qownnotes
2026-05-07 22:12:08,395 INFO Checksum verification started package=qownnotes
2026-05-07 22:12:09,395 WARNING Checksum missing package=qownnotes
2026-05-07 22:12:09,395 INFO Installing package=qownnotes path=/tmp/qownnotes.AppImage
2026-05-07 22:12:10,396 INFO Installation completed package=qownnotes
2026-05-07 22:12:10,396 INFO Install succeeded package=qownnotes
2026-05-07 22:18:37,757 INFO Transaction started package_count=6
2026-05-07 22:18:37,757 INFO Fetching metadata package=qownnotes
2026-05-07 22:18:38,057 INFO Metadata fetched package=qownnotes version=26.2.4
2026-05-07 22:18:38,057 INFO Fetching metadata package=appflowy
2026-05-07 22:18:38,358 INFO Metadata fetched package=appflowy version=0.11.1
2026-05-07 22:18:38,358 INFO Fetching metadata package=weektodo
2026-05-07 22:18:38,658 INFO Metadata fetched package=weektodo version=1.30.1
2026-05-07 22:18:38,658 INFO Fetching metadata package=ytmdesktop
2026-05-07 22:18:38,958 ERROR AppImage asset missing package=ytmdesktop
2026-05-07 22:18:38,958 INFO Fetching metadata package=obsidian
2026-05-07 22:18:39,258 INFO Metadata fetched package=obsidian version=1.8.10
2026-05-07 22:18:39,258 INFO Fetching metadata package=notion
2026-05-07 22:18:39,558 INFO Metadata fetched package=notion version=3.1.0
2026-05-07 22:18:39,558 INFO Download started package=qownnotes size_mb=41.6
2026-05-07 22:18:40,190 INFO Download completed package=qownnotes
2026-05-07 22:18:40,190 INFO Download started package=appflowy size_mb=77.6
2026-05-07 22:18:40,822 INFO Download completed package=appflowy
2026-05-07 22:18:40,822 INFO Download started package=weektodo size_mb=139.5
2026-05-07 22:18:41,453 INFO Download completed package=weektodo
2026-05-07 22:18:41,453 INFO Download started package=obsidian size_mb=92.1
2026-05-07 22:18:42,085 INFO Download completed package=obsidian
2026-05-07 22:18:42,085 INFO Download started package=notion size_mb=80.2
2026-05-07 22:18:42,717 INFO Download completed package=notion
2026-05-07 22:18:42,717 INFO Verifying checksum package=qownnotes
2026-05-07 22:18:42,717 INFO Checksum verified package=qownnotes
2026-05-07 22:18:42,717 INFO Verifying checksum package=appflowy
2026-05-07 22:18:42,717 INFO Checksum verified package=appflowy
2026-05-07 22:18:42,717 INFO Verifying checksum package=weektodo
2026-05-07 22:18:42,717 WARNING Checksum asset missing package=weektodo
2026-05-07 22:18:42,717 INFO Verifying checksum package=obsidian
2026-05-07 22:18:42,717 INFO Checksum verified package=obsidian
2026-05-07 22:18:42,717 INFO Verifying checksum package=notion
2026-05-07 22:18:42,717 INFO Checksum verified package=notion
2026-05-07 22:18:42,717 INFO Installing package=qownnotes path=/tmp/qownnotes.AppImage
2026-05-07 22:18:43,217 INFO Installation completed package=qownnotes
2026-05-07 22:18:43,217 INFO Installing package=appflowy path=/tmp/appflowy.AppImage
2026-05-07 22:18:43,717 INFO Installation completed package=appflowy
2026-05-07 22:18:43,718 INFO Installing package=weektodo path=/tmp/weektodo.AppImage
2026-05-07 22:18:44,218 INFO Installation completed package=weektodo
2026-05-07 22:18:44,218 INFO Installing package=obsidian path=/tmp/obsidian.AppImage
2026-05-07 22:18:44,718 INFO Installation completed package=obsidian
2026-05-07 22:18:44,718 INFO Installing package=notion path=/tmp/notion.AppImage
2026-05-07 22:18:45,218 ERROR Installation failed package=notion
2026-05-07 22:18:45,218 ERROR Install failure package=notion
Traceback (most recent call last):
  File "/home/developer/Documents/repositories/my-repos/learning-notes/python/cli/cli_design_rules.py", line 403, in install_packages
    install_package(
    ~~~~~~~~~~~~~~~^
        package_name,
        ^^^^^^^^^^^^^
        path,
        ^^^^^
        metadata_map[package_name],
        ^^^^^^^^^^^^^^^^^^^^^^^^^^^
    )
    ^
  File "/home/developer/Documents/repositories/my-repos/learning-notes/python/cli/cli_design_rules.py", line 283, in install_package
    raise InstallError(package_name)
InstallError: notion
2026-05-07 22:18:45,219 INFO Transaction finished installed=4 failed=2
2026-05-07 22:19:13,319 INFO Transaction started package_count=6
2026-05-07 22:19:13,319 INFO Fetching metadata package=qownnotes
2026-05-07 22:19:13,619 INFO Metadata fetched package=qownnotes version=26.2.4
2026-05-07 22:19:13,619 INFO Fetching metadata package=appflowy
2026-05-07 22:19:13,919 INFO Metadata fetched package=appflowy version=0.11.1
2026-05-07 22:19:13,919 INFO Fetching metadata package=weektodo
2026-05-07 22:19:14,219 INFO Metadata fetched package=weektodo version=1.30.1
2026-05-07 22:19:14,219 INFO Fetching metadata package=ytmdesktop
2026-05-07 22:19:14,520 ERROR AppImage asset missing package=ytmdesktop
2026-05-07 22:19:14,520 INFO Fetching metadata package=obsidian
2026-05-07 22:19:14,820 INFO Metadata fetched package=obsidian version=1.8.10
2026-05-07 22:19:14,820 INFO Fetching metadata package=notion
2026-05-07 22:19:15,120 INFO Metadata fetched package=notion version=3.1.0
2026-05-07 22:19:15,120 INFO Download started package=qownnotes size_mb=41.6
2026-05-07 22:19:15,752 INFO Download completed package=qownnotes
2026-05-07 22:19:15,752 INFO Download started package=appflowy size_mb=77.6
2026-05-07 22:19:16,383 INFO Download completed package=appflowy
2026-05-07 22:19:16,383 INFO Download started package=weektodo size_mb=139.5
2026-05-07 22:19:17,015 INFO Download completed package=weektodo
2026-05-07 22:19:17,015 INFO Download started package=obsidian size_mb=92.1
2026-05-07 22:19:17,647 INFO Download completed package=obsidian
2026-05-07 22:19:17,647 INFO Download started package=notion size_mb=80.2
2026-05-07 22:19:18,278 INFO Download completed package=notion
2026-05-07 22:19:18,278 INFO Verifying checksum package=qownnotes
2026-05-07 22:19:18,279 INFO Checksum verified package=qownnotes
2026-05-07 22:19:18,279 INFO Verifying checksum package=appflowy
2026-05-07 22:19:18,279 INFO Checksum verified package=appflowy
2026-05-07 22:19:18,279 INFO Verifying checksum package=weektodo
2026-05-07 22:19:18,279 WARNING Checksum asset missing package=weektodo
2026-05-07 22:19:18,279 INFO Verifying checksum package=obsidian
2026-05-07 22:19:18,279 INFO Checksum verified package=obsidian
2026-05-07 22:19:18,279 INFO Verifying checksum package=notion
2026-05-07 22:19:18,279 INFO Checksum verified package=notion
2026-05-07 22:19:18,279 INFO Installing package=qownnotes path=/tmp/qownnotes.AppImage
2026-05-07 22:19:18,779 INFO Installation completed package=qownnotes
2026-05-07 22:19:18,779 INFO Installing package=appflowy path=/tmp/appflowy.AppImage
2026-05-07 22:19:19,279 INFO Installation completed package=appflowy
2026-05-07 22:19:19,279 INFO Installing package=weektodo path=/tmp/weektodo.AppImage
2026-05-07 22:19:19,779 INFO Installation completed package=weektodo
2026-05-07 22:19:19,780 INFO Installing package=obsidian path=/tmp/obsidian.AppImage
2026-05-07 22:19:20,280 INFO Installation completed package=obsidian
2026-05-07 22:19:20,280 INFO Installing package=notion path=/tmp/notion.AppImage
2026-05-07 22:19:20,780 ERROR Installation failed package=notion
2026-05-07 22:19:20,780 ERROR Install failure package=notion
Traceback (most recent call last):
  File "/home/developer/Documents/repositories/my-repos/learning-notes/python/cli/cli_design_rules.py", line 403, in install_packages
    install_package(
    ~~~~~~~~~~~~~~~^
        package_name,
        ^^^^^^^^^^^^^
        path,
        ^^^^^
        metadata_map[package_name],
        ^^^^^^^^^^^^^^^^^^^^^^^^^^^
    )
    ^
  File "/home/developer/Documents/repositories/my-repos/learning-notes/python/cli/cli_design_rules.py", line 283, in install_package
    raise InstallError(package_name)
InstallError: notion
2026-05-07 22:19:20,781 INFO Transaction finished installed=4 failed=2
2026-05-07 22:20:17,057 INFO Transaction started package_count=6
2026-05-07 22:20:17,057 INFO Fetching metadata package=qownnotes
2026-05-07 22:20:17,357 INFO Metadata fetched package=qownnotes version=26.2.4
2026-05-07 22:20:17,357 INFO Fetching metadata package=appflowy
2026-05-07 22:20:17,658 INFO Metadata fetched package=appflowy version=0.11.1
2026-05-07 22:20:17,658 INFO Fetching metadata package=weektodo
2026-05-07 22:20:17,958 INFO Metadata fetched package=weektodo version=1.30.1
2026-05-07 22:20:17,958 INFO Fetching metadata package=ytmdesktop
2026-05-07 22:20:18,258 ERROR AppImage asset missing package=ytmdesktop
2026-05-07 22:20:18,258 INFO Fetching metadata package=obsidian
2026-05-07 22:20:18,558 INFO Metadata fetched package=obsidian version=1.8.10
2026-05-07 22:20:18,558 INFO Fetching metadata package=notion
2026-05-07 22:20:18,858 INFO Metadata fetched package=notion version=3.1.0
2026-05-07 22:20:18,859 INFO Download started package=qownnotes size_mb=41.6
2026-05-07 22:20:19,490 INFO Download completed package=qownnotes
2026-05-07 22:20:19,490 INFO Download started package=appflowy size_mb=77.6
2026-05-07 22:20:20,122 INFO Download completed package=appflowy
2026-05-07 22:20:20,122 INFO Download started package=weektodo size_mb=139.5
2026-05-07 22:20:20,753 INFO Download completed package=weektodo
2026-05-07 22:20:20,753 INFO Download started package=obsidian size_mb=92.1
2026-05-07 22:20:21,385 INFO Download completed package=obsidian
2026-05-07 22:20:21,385 INFO Download started package=notion size_mb=80.2
2026-05-07 22:20:22,018 INFO Download completed package=notion
2026-05-07 22:20:22,018 INFO Verifying checksum package=qownnotes
2026-05-07 22:20:22,018 INFO Checksum verified package=qownnotes
2026-05-07 22:20:22,018 INFO Verifying checksum package=appflowy
2026-05-07 22:20:22,018 INFO Checksum verified package=appflowy
2026-05-07 22:20:22,018 INFO Verifying checksum package=weektodo
2026-05-07 22:20:22,018 WARNING Checksum asset missing package=weektodo
2026-05-07 22:20:22,018 INFO Verifying checksum package=obsidian
2026-05-07 22:20:22,018 INFO Checksum verified package=obsidian
2026-05-07 22:20:22,018 INFO Verifying checksum package=notion
2026-05-07 22:20:22,018 INFO Checksum verified package=notion
2026-05-07 22:20:22,018 INFO Installing package=qownnotes path=/tmp/qownnotes.AppImage
2026-05-07 22:20:22,518 INFO Installation completed package=qownnotes
2026-05-07 22:20:22,518 INFO Installing package=appflowy path=/tmp/appflowy.AppImage
2026-05-07 22:20:23,018 INFO Installation completed package=appflowy
2026-05-07 22:20:23,018 INFO Installing package=weektodo path=/tmp/weektodo.AppImage
2026-05-07 22:20:23,519 INFO Installation completed package=weektodo
2026-05-07 22:20:23,519 INFO Installing package=obsidian path=/tmp/obsidian.AppImage
2026-05-07 22:20:24,019 INFO Installation completed package=obsidian
2026-05-07 22:20:24,019 INFO Installing package=notion path=/tmp/notion.AppImage
2026-05-07 22:20:24,519 ERROR Installation failed package=notion
2026-05-07 22:20:24,519 ERROR Install failure package=notion
Traceback (most recent call last):
  File "/home/developer/Documents/repositories/my-repos/learning-notes/python/cli/cli_design_rules.py", line 403, in install_packages
    install_package(
    ~~~~~~~~~~~~~~~^
        package_name,
        ^^^^^^^^^^^^^
        path,
        ^^^^^
        metadata_map[package_name],
        ^^^^^^^^^^^^^^^^^^^^^^^^^^^
    )
    ^
  File "/home/developer/Documents/repositories/my-repos/learning-notes/python/cli/cli_design_rules.py", line 283, in install_package
    raise InstallError(package_name)
InstallError: notion
2026-05-07 22:20:24,520 INFO Transaction finished installed=4 failed=2
2026-05-07 22:20:31,751 INFO Transaction started package_count=6
2026-05-07 22:20:31,751 INFO Fetching metadata package=qownnotes
2026-05-07 22:20:32,051 INFO Metadata fetched package=qownnotes version=26.2.4
2026-05-07 22:20:32,051 INFO Fetching metadata package=appflowy
2026-05-07 22:20:32,351 INFO Metadata fetched package=appflowy version=0.11.1
2026-05-07 22:20:32,351 INFO Fetching metadata package=weektodo
2026-05-07 22:20:32,651 INFO Metadata fetched package=weektodo version=1.30.1
2026-05-07 22:20:32,651 INFO Fetching metadata package=ytmdesktop
2026-05-07 22:20:32,951 ERROR AppImage asset missing package=ytmdesktop
2026-05-07 22:20:32,951 INFO Fetching metadata package=obsidian
2026-05-07 22:20:33,252 INFO Metadata fetched package=obsidian version=1.8.10
2026-05-07 22:20:33,252 INFO Fetching metadata package=notion
2026-05-07 22:20:33,552 INFO Metadata fetched package=notion version=3.1.0
2026-05-07 22:20:33,552 INFO Download started package=qownnotes size_mb=41.6
2026-05-07 22:20:34,184 INFO Download completed package=qownnotes
2026-05-07 22:20:34,184 INFO Download started package=appflowy size_mb=77.6
2026-05-07 22:20:34,815 INFO Download completed package=appflowy
2026-05-07 22:20:34,816 INFO Download started package=weektodo size_mb=139.5
2026-05-07 22:20:35,447 INFO Download completed package=weektodo
2026-05-07 22:20:35,447 INFO Download started package=obsidian size_mb=92.1
2026-05-07 22:20:36,079 INFO Download completed package=obsidian
2026-05-07 22:20:36,079 INFO Download started package=notion size_mb=80.2
2026-05-07 22:20:36,711 INFO Download completed package=notion
2026-05-07 22:20:36,711 INFO Verifying checksum package=qownnotes
2026-05-07 22:20:36,711 INFO Checksum verified package=qownnotes
2026-05-07 22:20:36,711 INFO Verifying checksum package=appflowy
2026-05-07 22:20:36,711 INFO Checksum verified package=appflowy
2026-05-07 22:20:36,711 INFO Verifying checksum package=weektodo
2026-05-07 22:20:36,711 WARNING Checksum asset missing package=weektodo
2026-05-07 22:20:36,711 INFO Verifying checksum package=obsidian
2026-05-07 22:20:36,711 INFO Checksum verified package=obsidian
2026-05-07 22:20:36,711 INFO Verifying checksum package=notion
2026-05-07 22:20:36,711 INFO Checksum verified package=notion
2026-05-07 22:20:36,711 INFO Installing package=qownnotes path=/tmp/qownnotes.AppImage
2026-05-07 22:20:37,211 INFO Installation completed package=qownnotes
2026-05-07 22:20:37,211 INFO Installing package=appflowy path=/tmp/appflowy.AppImage
2026-05-07 22:20:37,712 INFO Installation completed package=appflowy
2026-05-07 22:20:37,712 INFO Installing package=weektodo path=/tmp/weektodo.AppImage
2026-05-07 22:20:38,212 INFO Installation completed package=weektodo
2026-05-07 22:20:38,212 INFO Installing package=obsidian path=/tmp/obsidian.AppImage
2026-05-07 22:20:38,712 INFO Installation completed package=obsidian
2026-05-07 22:20:38,712 INFO Installing package=notion path=/tmp/notion.AppImage
2026-05-07 22:20:39,212 ERROR Installation failed package=notion
2026-05-07 22:20:39,213 ERROR Install failure package=notion
Traceback (most recent call last):
  File "/home/developer/Documents/repositories/my-repos/learning-notes/python/cli/cli_design_rules.py", line 403, in install_packages
    install_package(
    ~~~~~~~~~~~~~~~^
        package_name,
        ^^^^^^^^^^^^^
        path,
        ^^^^^
        metadata_map[package_name],
        ^^^^^^^^^^^^^^^^^^^^^^^^^^^
    )
    ^
  File "/home/developer/Documents/repositories/my-repos/learning-notes/python/cli/cli_design_rules.py", line 283, in install_package
    raise InstallError(package_name)
InstallError: notion
2026-05-07 22:20:39,213 INFO Transaction finished installed=4 failed=2
2026-05-07 22:20:47,850 INFO Transaction started package_count=6
2026-05-07 22:20:47,850 INFO Fetching metadata package=qownnotes
2026-05-07 22:20:48,150 INFO Metadata fetched package=qownnotes version=26.2.4
2026-05-07 22:20:48,150 INFO Fetching metadata package=appflowy
2026-05-07 22:20:48,450 INFO Metadata fetched package=appflowy version=0.11.1
2026-05-07 22:20:48,450 INFO Fetching metadata package=weektodo
2026-05-07 22:20:48,751 INFO Metadata fetched package=weektodo version=1.30.1
2026-05-07 22:20:48,751 INFO Fetching metadata package=ytmdesktop
2026-05-07 22:20:49,051 ERROR AppImage asset missing package=ytmdesktop
2026-05-07 22:20:49,051 INFO Fetching metadata package=obsidian
2026-05-07 22:20:49,351 INFO Metadata fetched package=obsidian version=1.8.10
2026-05-07 22:20:49,351 INFO Fetching metadata package=notion
2026-05-07 22:20:49,651 INFO Metadata fetched package=notion version=3.1.0
2026-05-07 22:20:49,651 INFO Download started package=qownnotes size_mb=41.6
2026-05-07 22:20:50,283 INFO Download completed package=qownnotes
2026-05-07 22:20:50,283 INFO Download started package=appflowy size_mb=77.6
2026-05-07 22:20:50,915 INFO Download completed package=appflowy
2026-05-07 22:20:50,915 INFO Download started package=weektodo size_mb=139.5
2026-05-07 22:20:51,546 INFO Download completed package=weektodo
2026-05-07 22:20:51,546 INFO Download started package=obsidian size_mb=92.1
2026-05-07 22:20:52,178 INFO Download completed package=obsidian
2026-05-07 22:20:52,178 INFO Download started package=notion size_mb=80.2
2026-05-07 22:20:52,809 INFO Download completed package=notion
2026-05-07 22:20:52,810 INFO Verifying checksum package=qownnotes
2026-05-07 22:20:52,810 INFO Checksum verified package=qownnotes
2026-05-07 22:20:52,810 INFO Verifying checksum package=appflowy
2026-05-07 22:20:52,810 INFO Checksum verified package=appflowy
2026-05-07 22:20:52,810 INFO Verifying checksum package=weektodo
2026-05-07 22:20:52,810 WARNING Checksum asset missing package=weektodo
2026-05-07 22:20:52,810 INFO Verifying checksum package=obsidian
2026-05-07 22:20:52,810 INFO Checksum verified package=obsidian
2026-05-07 22:20:52,810 INFO Verifying checksum package=notion
2026-05-07 22:20:52,810 INFO Checksum verified package=notion
2026-05-07 22:20:52,810 INFO Installing package=qownnotes path=/tmp/qownnotes.AppImage
2026-05-07 22:20:53,310 INFO Installation completed package=qownnotes
2026-05-07 22:20:53,310 INFO Installing package=appflowy path=/tmp/appflowy.AppImage
2026-05-07 22:20:53,810 INFO Installation completed package=appflowy
2026-05-07 22:20:53,810 INFO Installing package=weektodo path=/tmp/weektodo.AppImage
2026-05-07 22:20:54,310 INFO Installation completed package=weektodo
2026-05-07 22:20:54,311 INFO Installing package=obsidian path=/tmp/obsidian.AppImage
2026-05-07 22:20:54,811 INFO Installation completed package=obsidian
2026-05-07 22:20:54,811 INFO Installing package=notion path=/tmp/notion.AppImage
2026-05-07 22:20:55,311 ERROR Installation failed package=notion
2026-05-07 22:20:55,311 ERROR Install failure package=notion
Traceback (most recent call last):
  File "/home/developer/Documents/repositories/my-repos/learning-notes/python/cli/cli_design_rules.py", line 403, in install_packages
    install_package(
    ~~~~~~~~~~~~~~~^
        package_name,
        ^^^^^^^^^^^^^
        path,
        ^^^^^
        metadata_map[package_name],
        ^^^^^^^^^^^^^^^^^^^^^^^^^^^
    )
    ^
  File "/home/developer/Documents/repositories/my-repos/learning-notes/python/cli/cli_design_rules.py", line 283, in install_package
    raise InstallError(package_name)
InstallError: notion
2026-05-07 22:20:55,312 INFO Transaction finished installed=4 failed=2
2026-05-07 22:26:50,885 INFO fetch metadata package=qownnotes
2026-05-07 22:26:51,085 INFO fetch metadata package=appflowy
2026-05-07 22:26:51,285 INFO fetch metadata package=weektodo
2026-05-07 22:26:51,485 INFO fetch metadata package=ytmdesktop
2026-05-07 22:26:51,685 ERROR asset missing package=ytmdesktop
2026-05-07 22:26:51,685 ERROR resolve failed package=ytmdesktop
Traceback (most recent call last):
  File "/home/developer/Documents/repositories/my-repos/learning-notes/python/cli/cli_design_rules.py", line 285, in install_packages
    metadata_map[name] = fetch_metadata(name)
                         ~~~~~~~~~~~~~~^^^^^^
  File "/home/developer/Documents/repositories/my-repos/learning-notes/python/cli/cli_design_rules.py", line 162, in fetch_metadata
    raise AssetNotFoundError(package_name)
AssetNotFoundError: ytmdesktop
2026-05-07 22:26:51,686 INFO fetch metadata package=obsidian
2026-05-07 22:26:51,886 INFO fetch metadata package=notion
2026-05-07 22:26:52,086 INFO download start package=qownnotes size=41.6
2026-05-07 22:26:52,508 INFO download complete package=qownnotes
2026-05-07 22:26:52,508 INFO download start package=appflowy size=77.6
2026-05-07 22:26:52,930 INFO download complete package=appflowy
2026-05-07 22:26:52,930 INFO download start package=weektodo size=139.5
2026-05-07 22:26:53,351 INFO download complete package=weektodo
2026-05-07 22:26:53,351 INFO download start package=obsidian size=92.1
2026-05-07 22:26:53,773 INFO download complete package=obsidian
2026-05-07 22:26:53,773 INFO download start package=notion size=80.2
2026-05-07 22:26:54,195 INFO download complete package=notion
2026-05-07 22:26:54,195 INFO checksum verify package=qownnotes
2026-05-07 22:26:54,195 INFO checksum OK package=qownnotes
2026-05-07 22:26:54,195 INFO verification start package=qownnotes
2026-05-07 22:26:54,295 INFO verification OK package=qownnotes
2026-05-07 22:26:54,295 INFO checksum verify package=appflowy
2026-05-07 22:26:54,295 INFO checksum OK package=appflowy
2026-05-07 22:26:54,295 INFO verification start package=appflowy
2026-05-07 22:26:54,395 INFO verification OK package=appflowy
2026-05-07 22:26:54,395 INFO checksum verify package=weektodo
2026-05-07 22:26:54,395 WARNING checksum missing package=weektodo
2026-05-07 22:26:54,395 INFO verification start package=weektodo
2026-05-07 22:26:54,495 INFO verification OK package=weektodo
2026-05-07 22:26:54,495 INFO checksum verify package=obsidian
2026-05-07 22:26:54,495 INFO checksum OK package=obsidian
2026-05-07 22:26:54,495 INFO verification start package=obsidian
2026-05-07 22:26:54,595 ERROR verification failed package=obsidian
2026-05-07 22:26:54,596 ERROR verification failed package=obsidian
Traceback (most recent call last):
  File "/home/developer/Documents/repositories/my-repos/learning-notes/python/cli/cli_design_rules.py", line 326, in install_packages
    verify_package(name, meta)
    ~~~~~~~~~~~~~~^^^^^^^^^^^^
  File "/home/developer/Documents/repositories/my-repos/learning-notes/python/cli/cli_design_rules.py", line 235, in verify_package
    raise VerificationError(package_name)
VerificationError: obsidian
2026-05-07 22:26:54,596 INFO checksum verify package=notion
2026-05-07 22:26:54,596 INFO checksum OK package=notion
2026-05-07 22:26:54,596 INFO verification start package=notion
2026-05-07 22:26:54,696 INFO verification OK package=notion
2026-05-07 22:26:54,696 INFO install start package=qownnotes
2026-05-07 22:26:54,996 INFO install success package=qownnotes
2026-05-07 22:26:54,996 INFO install start package=appflowy
2026-05-07 22:26:55,297 INFO install success package=appflowy
2026-05-07 22:26:55,297 INFO install start package=weektodo
2026-05-07 22:26:55,597 INFO install success package=weektodo
2026-05-07 22:26:55,597 INFO install start package=notion
2026-05-07 22:26:55,897 ERROR install failed package=notion
2026-05-07 22:26:55,897 ERROR install failed package=notion
Traceback (most recent call last):
  File "/home/developer/Documents/repositories/my-repos/learning-notes/python/cli/cli_design_rules.py", line 348, in install_packages
    install_package(name, path, metadata_map[name])
    ~~~~~~~~~~~~~~~^^^^^^^^^^^^^^^^^^^^^^^^^^^^^^^^
  File "/home/developer/Documents/repositories/my-repos/learning-notes/python/cli/cli_design_rules.py", line 252, in install_package
    raise InstallError(package_name)
InstallError: notion
2026-05-07 22:28:08,523 INFO fetch metadata package=qownnotes
2026-05-07 22:28:08,723 INFO fetch metadata package=appflowy
2026-05-07 22:28:08,923 INFO fetch metadata package=weektodo
2026-05-07 22:28:09,123 INFO fetch metadata package=ytmdesktop
2026-05-07 22:28:09,323 ERROR asset missing package=ytmdesktop
2026-05-07 22:28:09,324 ERROR resolve failed package=ytmdesktop
Traceback (most recent call last):
  File "/home/developer/Documents/repositories/my-repos/learning-notes/python/cli/cli_design_rules.py", line 285, in install_packages
    metadata_map[name] = fetch_metadata(name)
                         ~~~~~~~~~~~~~~^^^^^^
  File "/home/developer/Documents/repositories/my-repos/learning-notes/python/cli/cli_design_rules.py", line 162, in fetch_metadata
    raise AssetNotFoundError(package_name)
AssetNotFoundError: ytmdesktop
2026-05-07 22:28:09,324 INFO fetch metadata package=obsidian
2026-05-07 22:28:09,524 INFO fetch metadata package=notion
2026-05-07 22:28:09,724 INFO download start package=qownnotes size=41.6
2026-05-07 22:28:10,146 INFO download complete package=qownnotes
2026-05-07 22:28:10,146 INFO download start package=appflowy size=77.6
2026-05-07 22:28:10,568 INFO download complete package=appflowy
2026-05-07 22:28:10,568 INFO download start package=weektodo size=139.5
2026-05-07 22:28:46,848 INFO fetch metadata package=qownnotes
2026-05-07 22:28:47,048 INFO fetch metadata package=appflowy
2026-05-07 22:28:47,248 INFO fetch metadata package=weektodo
2026-05-07 22:28:47,448 INFO fetch metadata package=ytmdesktop
2026-05-07 22:28:47,648 ERROR asset missing package=ytmdesktop
2026-05-07 22:28:47,648 ERROR resolve failed package=ytmdesktop
Traceback (most recent call last):
  File "/home/developer/Documents/repositories/my-repos/learning-notes/python/cli/cli_design_rules.py", line 294, in install_packages
    metadata_map[name] = fetch_metadata(name)
                         ~~~~~~~~~~~~~~^^^^^^
  File "/home/developer/Documents/repositories/my-repos/learning-notes/python/cli/cli_design_rules.py", line 162, in fetch_metadata
    raise AssetNotFoundError(package_name)
AssetNotFoundError: ytmdesktop
2026-05-07 22:28:47,649 INFO fetch metadata package=obsidian
2026-05-07 22:28:47,849 INFO fetch metadata package=notion
2026-05-07 22:28:48,049 INFO download start package=qownnotes size=41.6
2026-05-07 22:28:48,049 ERROR download failed package=qownnotes
Traceback (most recent call last):
  File "/home/developer/Documents/repositories/my-repos/learning-notes/python/cli/cli_design_rules.py", line 312, in install_packages
    downloaded[name] = download_package(name, meta["size_mb"])
                       ~~~~~~~~~~~~~~~~^^^^^^^^^^^^^^^^^^^^^^^
  File "/home/developer/Documents/repositories/my-repos/learning-notes/python/cli/cli_design_rules.py", line 192, in download_package
    f"\r{name:<12} {size:>6.1f} MiB [{bar}] {pct:>3}%",
         ^^^^
NameError: name 'name' is not defined
2026-05-07 22:28:48,050 INFO download start package=appflowy size=77.6
2026-05-07 22:28:48,050 ERROR download failed package=appflowy
Traceback (most recent call last):
  File "/home/developer/Documents/repositories/my-repos/learning-notes/python/cli/cli_design_rules.py", line 312, in install_packages
    downloaded[name] = download_package(name, meta["size_mb"])
                       ~~~~~~~~~~~~~~~~^^^^^^^^^^^^^^^^^^^^^^^
  File "/home/developer/Documents/repositories/my-repos/learning-notes/python/cli/cli_design_rules.py", line 192, in download_package
    f"\r{name:<12} {size:>6.1f} MiB [{bar}] {pct:>3}%",
         ^^^^
NameError: name 'name' is not defined
2026-05-07 22:28:48,050 INFO download start package=weektodo size=139.5
2026-05-07 22:28:48,050 ERROR download failed package=weektodo
Traceback (most recent call last):
  File "/home/developer/Documents/repositories/my-repos/learning-notes/python/cli/cli_design_rules.py", line 312, in install_packages
    downloaded[name] = download_package(name, meta["size_mb"])
                       ~~~~~~~~~~~~~~~~^^^^^^^^^^^^^^^^^^^^^^^
  File "/home/developer/Documents/repositories/my-repos/learning-notes/python/cli/cli_design_rules.py", line 192, in download_package
    f"\r{name:<12} {size:>6.1f} MiB [{bar}] {pct:>3}%",
         ^^^^
NameError: name 'name' is not defined
2026-05-07 22:28:48,050 INFO download start package=obsidian size=92.1
2026-05-07 22:28:48,051 ERROR download failed package=obsidian
Traceback (most recent call last):
  File "/home/developer/Documents/repositories/my-repos/learning-notes/python/cli/cli_design_rules.py", line 312, in install_packages
    downloaded[name] = download_package(name, meta["size_mb"])
                       ~~~~~~~~~~~~~~~~^^^^^^^^^^^^^^^^^^^^^^^
  File "/home/developer/Documents/repositories/my-repos/learning-notes/python/cli/cli_design_rules.py", line 192, in download_package
    f"\r{name:<12} {size:>6.1f} MiB [{bar}] {pct:>3}%",
         ^^^^
NameError: name 'name' is not defined
2026-05-07 22:28:48,051 INFO download start package=notion size=80.2
2026-05-07 22:28:48,051 ERROR download failed package=notion
Traceback (most recent call last):
  File "/home/developer/Documents/repositories/my-repos/learning-notes/python/cli/cli_design_rules.py", line 312, in install_packages
    downloaded[name] = download_package(name, meta["size_mb"])
                       ~~~~~~~~~~~~~~~~^^^^^^^^^^^^^^^^^^^^^^^
  File "/home/developer/Documents/repositories/my-repos/learning-notes/python/cli/cli_design_rules.py", line 192, in download_package
    f"\r{name:<12} {size:>6.1f} MiB [{bar}] {pct:>3}%",
         ^^^^
NameError: name 'name' is not defined
2026-05-07 22:28:58,862 INFO fetch metadata package=qownnotes
2026-05-07 22:28:59,062 INFO fetch metadata package=appflowy
2026-05-07 22:28:59,263 INFO fetch metadata package=weektodo
2026-05-07 22:28:59,463 INFO fetch metadata package=ytmdesktop
2026-05-07 22:28:59,663 ERROR asset missing package=ytmdesktop
2026-05-07 22:28:59,663 ERROR resolve failed package=ytmdesktop
Traceback (most recent call last):
  File "/home/developer/Documents/repositories/my-repos/learning-notes/python/cli/cli_design_rules.py", line 285, in install_packages
    metadata_map[name] = fetch_metadata(name)
                         ~~~~~~~~~~~~~~^^^^^^
  File "/home/developer/Documents/repositories/my-repos/learning-notes/python/cli/cli_design_rules.py", line 162, in fetch_metadata
    raise AssetNotFoundError(package_name)
AssetNotFoundError: ytmdesktop
2026-05-07 22:28:59,664 INFO fetch metadata package=obsidian
2026-05-07 22:28:59,864 INFO fetch metadata package=notion
2026-05-07 22:29:00,064 INFO download start package=qownnotes size=41.6
2026-05-07 22:29:00,486 INFO download complete package=qownnotes
2026-05-07 22:29:00,486 INFO download start package=appflowy size=77.6
2026-05-07 22:29:00,907 INFO download complete package=appflowy
2026-05-07 22:29:00,907 INFO download start package=weektodo size=139.5
2026-05-07 22:29:01,329 INFO download complete package=weektodo
2026-05-07 22:29:01,329 INFO download start package=obsidian size=92.1
2026-05-07 22:29:01,752 INFO download complete package=obsidian
2026-05-07 22:29:01,752 INFO download start package=notion size=80.2
2026-05-07 22:29:02,174 INFO download complete package=notion
2026-05-07 22:29:02,174 INFO checksum verify package=qownnotes
2026-05-07 22:29:02,174 INFO checksum OK package=qownnotes
2026-05-07 22:29:02,174 INFO verification start package=qownnotes
2026-05-07 22:29:02,274 INFO verification OK package=qownnotes
2026-05-07 22:29:02,274 INFO checksum verify package=appflowy
2026-05-07 22:29:02,274 INFO checksum OK package=appflowy
2026-05-07 22:29:02,274 INFO verification start package=appflowy
2026-05-07 22:29:02,374 INFO verification OK package=appflowy
2026-05-07 22:29:02,374 INFO checksum verify package=weektodo
2026-05-07 22:29:02,374 WARNING checksum missing package=weektodo
2026-05-07 22:29:02,374 INFO verification start package=weektodo
2026-05-07 22:29:02,474 INFO verification OK package=weektodo
2026-05-07 22:29:02,474 INFO checksum verify package=obsidian
2026-05-07 22:29:02,474 INFO checksum OK package=obsidian
2026-05-07 22:29:02,474 INFO verification start package=obsidian
2026-05-07 22:29:02,574 ERROR verification failed package=obsidian
2026-05-07 22:29:02,575 ERROR verification failed package=obsidian
Traceback (most recent call last):
  File "/home/developer/Documents/repositories/my-repos/learning-notes/python/cli/cli_design_rules.py", line 326, in install_packages
    verify_package(name, meta)
    ~~~~~~~~~~~~~~^^^^^^^^^^^^
  File "/home/developer/Documents/repositories/my-repos/learning-notes/python/cli/cli_design_rules.py", line 235, in verify_package
    raise VerificationError(package_name)
VerificationError: obsidian
2026-05-07 22:29:02,575 INFO checksum verify package=notion
2026-05-07 22:29:02,575 INFO checksum OK package=notion
2026-05-07 22:29:02,575 INFO verification start package=notion
2026-05-07 22:29:02,675 INFO verification OK package=notion
2026-05-07 22:29:02,675 INFO install start package=qownnotes
2026-05-07 22:29:02,975 INFO install success package=qownnotes
2026-05-07 22:29:02,975 INFO install start package=appflowy
2026-05-07 22:29:03,276 INFO install success package=appflowy
2026-05-07 22:29:03,276 INFO install start package=weektodo
2026-05-07 22:29:03,576 INFO install success package=weektodo
2026-05-07 22:29:03,576 INFO install start package=notion
2026-05-07 22:29:03,876 ERROR install failed package=notion
2026-05-07 22:29:03,876 ERROR install failed package=notion
Traceback (most recent call last):
  File "/home/developer/Documents/repositories/my-repos/learning-notes/python/cli/cli_design_rules.py", line 348, in install_packages
    install_package(name, path, metadata_map[name])
    ~~~~~~~~~~~~~~~^^^^^^^^^^^^^^^^^^^^^^^^^^^^^^^^
  File "/home/developer/Documents/repositories/my-repos/learning-notes/python/cli/cli_design_rules.py", line 252, in install_package
    raise InstallError(package_name)
InstallError: notion
2026-05-07 22:29:05,283 INFO Transaction started package_count=6
2026-05-07 22:29:05,283 INFO Fetching metadata package=qownnotes
2026-05-07 22:29:05,583 INFO Metadata fetched package=qownnotes version=26.2.4
2026-05-07 22:29:05,583 INFO Fetching metadata package=appflowy
2026-05-07 22:29:05,883 INFO Metadata fetched package=appflowy version=0.11.1
2026-05-07 22:29:05,884 INFO Fetching metadata package=weektodo
2026-05-07 22:29:06,184 INFO Metadata fetched package=weektodo version=1.30.1
2026-05-07 22:29:06,184 INFO Fetching metadata package=ytmdesktop
2026-05-07 22:29:06,484 ERROR AppImage asset missing package=ytmdesktop
2026-05-07 22:29:06,484 INFO Fetching metadata package=obsidian
2026-05-07 22:29:06,784 INFO Metadata fetched package=obsidian version=1.8.10
2026-05-07 22:29:06,784 INFO Fetching metadata package=notion
2026-05-07 22:29:07,084 INFO Metadata fetched package=notion version=3.1.0
2026-05-07 22:29:07,084 INFO Download started package=qownnotes size_mb=41.6
2026-05-07 22:29:07,717 INFO Download completed package=qownnotes
2026-05-07 22:29:07,717 INFO Download started package=appflowy size_mb=77.6
2026-05-07 22:29:08,348 INFO Download completed package=appflowy
2026-05-07 22:29:08,349 INFO Download started package=weektodo size_mb=139.5
2026-05-07 22:29:08,981 INFO Download completed package=weektodo
2026-05-07 22:29:08,981 INFO Download started package=obsidian size_mb=92.1
2026-05-07 22:29:09,612 INFO Download completed package=obsidian
2026-05-07 22:29:09,613 INFO Download started package=notion size_mb=80.2
2026-05-07 22:29:10,244 INFO Download completed package=notion
2026-05-07 22:29:10,244 INFO Verifying checksum package=qownnotes
2026-05-07 22:29:10,244 INFO Checksum verified package=qownnotes
2026-05-07 22:29:10,244 INFO Verifying checksum package=appflowy
2026-05-07 22:29:10,244 INFO Checksum verified package=appflowy
2026-05-07 22:29:10,244 INFO Verifying checksum package=weektodo
2026-05-07 22:29:10,245 WARNING Checksum asset missing package=weektodo
2026-05-07 22:29:10,245 INFO Verifying checksum package=obsidian
2026-05-07 22:29:10,245 INFO Checksum verified package=obsidian
2026-05-07 22:29:10,245 INFO Verifying checksum package=notion
2026-05-07 22:29:10,245 INFO Checksum verified package=notion
2026-05-07 22:29:10,245 INFO Installing package=qownnotes path=/tmp/qownnotes.AppImage
2026-05-07 22:29:10,745 INFO Installation completed package=qownnotes
2026-05-07 22:29:10,745 INFO Installing package=appflowy path=/tmp/appflowy.AppImage
2026-05-07 22:29:11,245 INFO Installation completed package=appflowy
2026-05-07 22:29:11,245 INFO Installing package=weektodo path=/tmp/weektodo.AppImage
2026-05-07 22:29:11,745 INFO Installation completed package=weektodo
2026-05-07 22:29:11,745 INFO Installing package=obsidian path=/tmp/obsidian.AppImage
2026-05-07 22:29:12,246 INFO Installation completed package=obsidian
2026-05-07 22:29:12,246 INFO Installing package=notion path=/tmp/notion.AppImage
2026-05-07 22:29:12,746 ERROR Installation failed package=notion
2026-05-07 22:29:12,746 ERROR Install failure package=notion
Traceback (most recent call last):
  File "/home/developer/Documents/repositories/my-repos/learning-notes/python/cli/cli_design_rules.py", line 403, in install_packages
    install_package(
    ~~~~~~~~~~~~~~~^
        package_name,
        ^^^^^^^^^^^^^
        path,
        ^^^^^
        metadata_map[package_name],
        ^^^^^^^^^^^^^^^^^^^^^^^^^^^
    )
    ^
  File "/home/developer/Documents/repositories/my-repos/learning-notes/python/cli/cli_design_rules.py", line 283, in install_package
    raise InstallError(package_name)
InstallError: notion
2026-05-07 22:29:12,747 INFO Transaction finished installed=4 failed=2
